<?xml version="1.0" encoding="UTF-8"?>
<testsuite name="com.capitalone.dashboard.collector.DefaultHudsonClientTests" time="0.384" tests="20" errors="0" skipped="0" failures="0">
  <properties>
    <property name="java.runtime.name" value="Java(TM) SE Runtime Environment"/>
    <property name="sun.boot.library.path" value="/Library/Java/JavaVirtualMachines/jdk1.8.0_212.jdk/Contents/Home/jre/lib"/>
    <property name="java.vm.version" value="25.212-b10"/>
    <property name="gopherProxySet" value="false"/>
    <property name="java.vm.vendor" value="Oracle Corporation"/>
    <property name="maven.multiModuleProjectDirectory" value="/Users/akavi/HPSE/Hygieia_POC/Hygieia"/>
    <property name="java.vendor.url" value="http://java.oracle.com/"/>
    <property name="path.separator" value=":"/>
    <property name="guice.disable.misplaced.annotation.check" value="true"/>
    <property name="java.vm.name" value="Java HotSpot(TM) 64-Bit Server VM"/>
    <property name="file.encoding.pkg" value="sun.io"/>
    <property name="user.country" value="IN"/>
    <property name="sun.java.launcher" value="SUN_STANDARD"/>
    <property name="sun.os.patch.level" value="unknown"/>
    <property name="java.vm.specification.name" value="Java Virtual Machine Specification"/>
    <property name="user.dir" value="/Users/akavi/HPSE/Hygieia_POC/Hygieia"/>
    <property name="java.runtime.version" value="1.8.0_212-b10"/>
    <property name="java.awt.graphicsenv" value="sun.awt.CGraphicsEnvironment"/>
    <property name="java.endorsed.dirs" value="/Library/Java/JavaVirtualMachines/jdk1.8.0_212.jdk/Contents/Home/jre/lib/endorsed"/>
    <property name="os.arch" value="x86_64"/>
    <property name="java.io.tmpdir" value="/var/folders/k_/tmg2vb152hqd3kn6qm9bgw389b_jwb/T/"/>
    <property name="line.separator" value="&#10;"/>
    <property name="java.vm.specification.vendor" value="Oracle Corporation"/>
    <property name="os.name" value="Mac OS X"/>
    <property name="classworlds.conf" value="/usr/local/Cellar/maven/3.6.1/libexec/bin/m2.conf"/>
    <property name="sun.jnu.encoding" value="UTF-8"/>
    <property name="java.library.path" value="/Users/akavi/Library/Java/Extensions:/Library/Java/Extensions:/Network/Library/Java/Extensions:/System/Library/Java/Extensions:/usr/lib/java:."/>
    <property name="maven.conf" value="/usr/local/Cellar/maven/3.6.1/libexec/conf"/>
    <property name="java.specification.name" value="Java Platform API Specification"/>
    <property name="java.class.version" value="52.0"/>
    <property name="sun.management.compiler" value="HotSpot 64-Bit Tiered Compilers"/>
    <property name="os.version" value="10.14.1"/>
    <property name="library.jansi.path" value="/usr/local/Cellar/maven/3.6.1/libexec/lib/jansi-native"/>
    <property name="http.nonProxyHosts" value="local|*.local|169.254/16|*.169.254/16"/>
    <property name="user.home" value="/Users/akavi"/>
    <property name="user.timezone" value="Asia/Kolkata"/>
    <property name="java.awt.printerjob" value="sun.lwawt.macosx.CPrinterJob"/>
    <property name="java.specification.version" value="1.8"/>
    <property name="file.encoding" value="UTF-8"/>
    <property name="user.name" value="akavi"/>
    <property name="java.class.path" value="/usr/local/Cellar/maven/3.6.1/libexec/boot/plexus-classworlds-2.6.0.jar"/>
    <property name="java.vm.specification.version" value="1.8"/>
    <property name="sun.arch.data.model" value="64"/>
    <property name="java.home" value="/Library/Java/JavaVirtualMachines/jdk1.8.0_212.jdk/Contents/Home/jre"/>
    <property name="sun.java.command" value="org.codehaus.plexus.classworlds.launcher.Launcher clean install package"/>
    <property name="java.specification.vendor" value="Oracle Corporation"/>
    <property name="user.language" value="en"/>
    <property name="awt.toolkit" value="sun.lwawt.macosx.LWCToolkit"/>
    <property name="java.vm.info" value="mixed mode"/>
    <property name="java.version" value="1.8.0_212"/>
    <property name="java.ext.dirs" value="/Users/akavi/Library/Java/Extensions:/Library/Java/JavaVirtualMachines/jdk1.8.0_212.jdk/Contents/Home/jre/lib/ext:/Library/Java/Extensions:/Network/Library/Java/Extensions:/System/Library/Java/Extensions:/usr/lib/java"/>
    <property name="sun.boot.class.path" value="/Library/Java/JavaVirtualMachines/jdk1.8.0_212.jdk/Contents/Home/jre/lib/resources.jar:/Library/Java/JavaVirtualMachines/jdk1.8.0_212.jdk/Contents/Home/jre/lib/rt.jar:/Library/Java/JavaVirtualMachines/jdk1.8.0_212.jdk/Contents/Home/jre/lib/sunrsasign.jar:/Library/Java/JavaVirtualMachines/jdk1.8.0_212.jdk/Contents/Home/jre/lib/jsse.jar:/Library/Java/JavaVirtualMachines/jdk1.8.0_212.jdk/Contents/Home/jre/lib/jce.jar:/Library/Java/JavaVirtualMachines/jdk1.8.0_212.jdk/Contents/Home/jre/lib/charsets.jar:/Library/Java/JavaVirtualMachines/jdk1.8.0_212.jdk/Contents/Home/jre/lib/jfr.jar:/Library/Java/JavaVirtualMachines/jdk1.8.0_212.jdk/Contents/Home/jre/classes"/>
    <property name="java.vendor" value="Oracle Corporation"/>
    <property name="maven.home" value="/usr/local/Cellar/maven/3.6.1/libexec"/>
    <property name="file.separator" value="/"/>
    <property name="java.vendor.url.bug" value="http://bugreport.sun.com/bugreport/"/>
    <property name="sun.cpu.endian" value="little"/>
    <property name="sun.io.unicode.encoding" value="UnicodeBig"/>
    <property name="socksNonProxyHosts" value="local|*.local|169.254/16|*.169.254/16"/>
    <property name="ftp.nonProxyHosts" value="local|*.local|169.254/16|*.169.254/16"/>
    <property name="sun.cpu.isalist" value=""/>
  </properties>
  <testcase name="buildDetails_withRepoBranch" classname="com.capitalone.dashboard.collector.DefaultHudsonClientTests" time="0.331"/>
  <testcase name="joinURLsTest" classname="com.capitalone.dashboard.collector.DefaultHudsonClientTests" time="0.001"/>
  <testcase name="buildDetails_withRepoNoRemoteUrl" classname="com.capitalone.dashboard.collector.DefaultHudsonClientTests" time="0.002"/>
  <testcase name="buildDetails_full" classname="com.capitalone.dashboard.collector.DefaultHudsonClientTests" time="0.004"/>
  <testcase name="buildDetails_withMultipleRepos" classname="com.capitalone.dashboard.collector.DefaultHudsonClientTests" time="0.001"/>
  <testcase name="buildDetails_withEmptyRemoteUrl" classname="com.capitalone.dashboard.collector.DefaultHudsonClientTests" time="0.001"/>
  <testcase name="verifyBasicAuth" classname="com.capitalone.dashboard.collector.DefaultHudsonClientTests" time="0.013"/>
  <testcase name="buildDetails_withRepoOriginBranch" classname="com.capitalone.dashboard.collector.DefaultHudsonClientTests" time="0.001"/>
  <testcase name="verifyAuthCredentials" classname="com.capitalone.dashboard.collector.DefaultHudsonClientTests" time="0.009"/>
  <testcase name="buildDetails_withMultipleSCM" classname="com.capitalone.dashboard.collector.DefaultHudsonClientTests" time="0.001"/>
  <testcase name="buildDetails_withRepoRefsRemotesBranch" classname="com.capitalone.dashboard.collector.DefaultHudsonClientTests" time="0.001"/>
  <testcase name="buildDetails_withRepoMultipleBranches" classname="com.capitalone.dashboard.collector.DefaultHudsonClientTests" time="0.001"/>
  <testcase name="rebuildURLTest" classname="com.capitalone.dashboard.collector.DefaultHudsonClientTests" time="0.001"/>
  <testcase name="verifyAuthCredentialsBySettings" classname="com.capitalone.dashboard.collector.DefaultHudsonClientTests" time="0.001"/>
  <testcase name="buildDetails_pipeline" classname="com.capitalone.dashboard.collector.DefaultHudsonClientTests" time="0.001"/>
  <testcase name="instanceJobs_emptyResponse_returnsEmptyMap" classname="com.capitalone.dashboard.collector.DefaultHudsonClientTests" time="0.001"/>
  <testcase name="verifyGetLogUrl" classname="com.capitalone.dashboard.collector.DefaultHudsonClientTests" time="0.001"/>
  <testcase name="buildDetails_withRepoRemotesBranch" classname="com.capitalone.dashboard.collector.DefaultHudsonClientTests" time="0.001"/>
  <testcase name="instanceJobs_multibranchPipeline" classname="com.capitalone.dashboard.collector.DefaultHudsonClientTests" time="0.01"/>
  <testcase name="instanceJobs_twoJobsTwoBuilds" classname="com.capitalone.dashboard.collector.DefaultHudsonClientTests" time="0.002"/>
</testsuite>